Using pre-set license
Built from '2021.3/staging' branch; Version is '2021.3.20f1 (577897200b8b) revision 5732503'; Using compiler version '192829333'; Build Type 'Release'
OS: 'Windows 10  (10.0.19045) 64bit Professional' Language: 'zh' Physical Memory: 16243 MB
BatchMode: 1, IsHumanControllingUs: 0, StartBugReporterOnCrash: 0, Is64bit: 1, IsPro: 1

COMMAND LINE ARGUMENTS:
D:\biancheng\2021.3.20f1\Editor\Unity.exe
-adb2
-batchMode
-noUpm
-name
AssetImportWorker0
-projectPath
D:/unity素材/FPS_LPFPSPACK3.2_LEARN02
-logFile
Logs/AssetImportWorker0.log
-srvPort
51110
Successfully changed project path to: D:/unity素材/FPS_LPFPSPACK3.2_LEARN02
D:/unity素材/FPS_LPFPSPACK3.2_LEARN02
[UnityMemory] Configuration Parameters - Can be set up in boot.config
    "memorysetup-bucket-allocator-granularity=16"
    "memorysetup-bucket-allocator-bucket-count=8"
    "memorysetup-bucket-allocator-block-size=33554432"
    "memorysetup-bucket-allocator-block-count=8"
    "memorysetup-main-allocator-block-size=16777216"
    "memorysetup-thread-allocator-block-size=16777216"
    "memorysetup-gfx-main-allocator-block-size=16777216"
    "memorysetup-gfx-thread-allocator-block-size=16777216"
    "memorysetup-cache-allocator-block-size=4194304"
    "memorysetup-typetree-allocator-block-size=2097152"
    "memorysetup-profiler-bucket-allocator-granularity=16"
    "memorysetup-profiler-bucket-allocator-bucket-count=8"
    "memorysetup-profiler-bucket-allocator-block-size=33554432"
    "memorysetup-profiler-bucket-allocator-block-count=8"
    "memorysetup-profiler-allocator-block-size=16777216"
    "memorysetup-profiler-editor-allocator-block-size=1048576"
    "memorysetup-temp-allocator-size-main=16777216"
    "memorysetup-job-temp-allocator-block-size=2097152"
    "memorysetup-job-temp-allocator-block-size-background=1048576"
    "memorysetup-job-temp-allocator-reduction-small-platforms=262144"
    "memorysetup-temp-allocator-size-background-worker=32768"
    "memorysetup-temp-allocator-size-job-worker=262144"
    "memorysetup-temp-allocator-size-preload-manager=33554432"
    "memorysetup-temp-allocator-size-nav-mesh-worker=65536"
    "memorysetup-temp-allocator-size-audio-worker=65536"
    "memorysetup-temp-allocator-size-cloud-worker=32768"
    "memorysetup-temp-allocator-size-gi-baking-worker=262144"
    "memorysetup-temp-allocator-size-gfx=262144"
Player connection [16960] Host "[IP] 192.168.35.21 [Port] 0 [Flags] 2 [Guid] 468633946 [EditorId] 468633946 [Version] 1048832 [Id] WindowsEditor(7,ikoude) [Debug] 1 [PackageName] WindowsEditor [ProjectName] Editor" joined multi-casting on [225.0.0.222:54997]...

Player connection [16960] Host "[IP] 192.168.35.21 [Port] 0 [Flags] 2 [Guid] 468633946 [EditorId] 468633946 [Version] 1048832 [Id] WindowsEditor(7,ikoude) [Debug] 1 [PackageName] WindowsEditor [ProjectName] Editor" joined alternative multi-casting on [225.0.0.222:34997]...

Refreshing native plugins compatible for Editor in 77.92 ms, found 2 plugins.
Preloading 0 native plugins for Editor in 0.00 ms.
Initialize engine version: 2021.3.20f1 (577897200b8b)
[Subsystems] Discovering subsystems at path D:/biancheng/2021.3.20f1/Editor/Data/Resources/UnitySubsystems
[Subsystems] Discovering subsystems at path D:/unity素材/FPS_LPFPSPACK3.2_LEARN02/Assets
GfxDevice: creating device client; threaded=0; jobified=0
Direct3D:
    Version:  Direct3D 11.0 [level 11.1]
    Renderer: NVIDIA GeForce GTX 1070 Ti (ID=0x1b82)
    Vendor:   NVIDIA
    VRAM:     8073 MB
    Driver:   31.0.15.4601
Initialize mono
Mono path[0] = 'D:/biancheng/2021.3.20f1/Editor/Data/Managed'
Mono path[1] = 'D:/biancheng/2021.3.20f1/Editor/Data/MonoBleedingEdge/lib/mono/unityjit-win32'
Mono config path = 'D:/biancheng/2021.3.20f1/Editor/Data/MonoBleedingEdge/etc'
Using monoOptions --debugger-agent=transport=dt_socket,embedding=1,server=y,suspend=n,address=127.0.0.1:56148
Begin MonoManager ReloadAssembly
Registering precompiled unity dll's ...
Register platform support module: D:/biancheng/2021.3.20f1/Editor/Data/PlaybackEngines/WebGLSupport/UnityEditor.WebGL.Extensions.dll
Register platform support module: D:/biancheng/2021.3.20f1/Editor/Data/PlaybackEngines/WindowsStandaloneSupport/UnityEditor.WindowsStandalone.Extensions.dll
Registered in 0.195579 seconds.
Native extension for WindowsStandalone target not found
Native extension for WebGL target not found
Refreshing native plugins compatible for Editor in 27.86 ms, found 2 plugins.
Preloading 0 native plugins for Editor in 0.00 ms.
Mono: successfully reloaded assembly
- Completed reload, in  9.670 seconds
Domain Reload Profiling:
	ReloadAssembly (9670ms)
		BeginReloadAssembly (8419ms)
			ExecutionOrderSort (0ms)
			DisableScriptedObjects (0ms)
			BackupInstance (0ms)
			ReleaseScriptingObjects (0ms)
			CreateAndSetChildDomain (1ms)
		EndReloadAssembly (764ms)
			LoadAssemblies (8419ms)
			RebuildTransferFunctionScriptingTraits (0ms)
			SetupTypeCache (522ms)
			ReleaseScriptCaches (0ms)
			RebuildScriptCaches (21ms)
			SetupLoadedEditorAssemblies (174ms)
				LogAssemblyErrors (0ms)
				InitializePlatformSupportModulesInManaged (8ms)
				SetLoadedEditorAssemblies (0ms)
				RefreshPlugins (28ms)
				BeforeProcessingInitializeOnLoad (1ms)
				ProcessInitializeOnLoadAttributes (96ms)
				ProcessInitializeOnLoadMethodAttributes (41ms)
				AfterProcessingInitializeOnLoad (0ms)
				EditorAssembliesLoaded (0ms)
			ExecutionOrderSort2 (0ms)
			AwakeInstancesAfterBackupRestoration (0ms)
Platform modules already initialized, skipping
Registering precompiled user dll's ...
Registered in 0.500781 seconds.
Begin MonoManager ReloadAssembly
Native extension for WindowsStandalone target not found
Native extension for WebGL target not found
Refreshing native plugins compatible for Editor in 0.29 ms, found 2 plugins.
Preloading 0 native plugins for Editor in 0.00 ms.
Mono: successfully reloaded assembly
- Completed reload, in  1.285 seconds
Domain Reload Profiling:
	ReloadAssembly (1285ms)
		BeginReloadAssembly (100ms)
			ExecutionOrderSort (0ms)
			DisableScriptedObjects (4ms)
			BackupInstance (0ms)
			ReleaseScriptingObjects (0ms)
			CreateAndSetChildDomain (14ms)
		EndReloadAssembly (1095ms)
			LoadAssemblies (393ms)
			RebuildTransferFunctionScriptingTraits (0ms)
			SetupTypeCache (385ms)
			ReleaseScriptCaches (0ms)
			RebuildScriptCaches (28ms)
			SetupLoadedEditorAssemblies (280ms)
				LogAssemblyErrors (0ms)
				InitializePlatformSupportModulesInManaged (6ms)
				SetLoadedEditorAssemblies (0ms)
				RefreshPlugins (0ms)
				BeforeProcessingInitializeOnLoad (40ms)
				ProcessInitializeOnLoadAttributes (213ms)
				ProcessInitializeOnLoadMethodAttributes (12ms)
				AfterProcessingInitializeOnLoad (8ms)
				EditorAssembliesLoaded (0ms)
			ExecutionOrderSort2 (0ms)
			AwakeInstancesAfterBackupRestoration (6ms)
Platform modules already initialized, skipping
========================================================================
Worker process is ready to serve import requests
Launched and connected shader compiler UnityShaderCompiler.exe after 0.03 seconds
Refreshing native plugins compatible for Editor in 0.90 ms, found 2 plugins.
Preloading 0 native plugins for Editor in 0.00 ms.
Unloading 1600 Unused Serialized files (Serialized files now loaded: 0)
Unloading 28 unused Assets / (1.3 MB). Loaded Objects now: 2066.
Memory consumption went from 156.2 MB to 154.9 MB.
Total: 3.458400 ms (FindLiveObjects: 0.159800 ms CreateObjectMapping: 0.042100 ms MarkObjects: 2.904600 ms  DeleteObjects: 0.339100 ms)

AssetImportParameters requested are different than current active one (requested -> active):
  custom:video-decoder-ogg-theora: a1e56fd34408186e4bbccfd4996cb3dc -> 
  custom:container-muxer-webm: aa71ff27fc2769a1b78a27578f13a17b -> 
  custom:container-demuxer-webm: 4f35f7cbe854078d1ac9338744f61a02 -> 
  custom:video-encoder-webm-vp8: eb34c28f22e8b96e1ab97ce403110664 -> 
  custom:audio-encoder-webm-vorbis: bf7c407c2cedff20999df2af8eb42d56 -> 
  custom:framework-win-MediaFoundation: 216162199b28c13a410421893ffa2e32 -> 
  custom:container-demuxer-ogg: 62fdf1f143b41e24485cea50d1cbac27 -> 
  custom:video-decoder-webm-vp8: 9c59270c3fd7afecdb556c50c9e8de78 -> 
  custom:audio-decoder-ogg-vorbis: bf7c407c2cedff20999df2af8eb42d56 -> 
========================================================================
Received Prepare
Registering precompiled user dll's ...
Registered in 0.002167 seconds.
Begin MonoManager ReloadAssembly
Native extension for WindowsStandalone target not found
Native extension for WebGL target not found
Refreshing native plugins compatible for Editor in 1.50 ms, found 2 plugins.
Preloading 0 native plugins for Editor in 0.00 ms.
Mono: successfully reloaded assembly
- Completed reload, in  0.979 seconds
Domain Reload Profiling:
	ReloadAssembly (980ms)
		BeginReloadAssembly (160ms)
			ExecutionOrderSort (0ms)
			DisableScriptedObjects (4ms)
			BackupInstance (0ms)
			ReleaseScriptingObjects (0ms)
			CreateAndSetChildDomain (34ms)
		EndReloadAssembly (713ms)
			LoadAssemblies (102ms)
			RebuildTransferFunctionScriptingTraits (0ms)
			SetupTypeCache (232ms)
			ReleaseScriptCaches (1ms)
			RebuildScriptCaches (52ms)
			SetupLoadedEditorAssemblies (293ms)
				LogAssemblyErrors (0ms)
				InitializePlatformSupportModulesInManaged (10ms)
				SetLoadedEditorAssemblies (1ms)
				RefreshPlugins (2ms)
				BeforeProcessingInitializeOnLoad (60ms)
				ProcessInitializeOnLoadAttributes (195ms)
				ProcessInitializeOnLoadMethodAttributes (15ms)
				AfterProcessingInitializeOnLoad (10ms)
				EditorAssembliesLoaded (0ms)
			ExecutionOrderSort2 (0ms)
			AwakeInstancesAfterBackupRestoration (7ms)
Platform modules already initialized, skipping
Refreshing native plugins compatible for Editor in 1.71 ms, found 2 plugins.
Preloading 0 native plugins for Editor in 0.00 ms.
Unloading 1550 Unused Serialized files (Serialized files now loaded: 0)
Unloading 21 unused Assets / (1.2 MB). Loaded Objects now: 2068.
Memory consumption went from 151.2 MB to 150.0 MB.
Total: 2.180500 ms (FindLiveObjects: 0.087900 ms CreateObjectMapping: 0.026000 ms MarkObjects: 1.939900 ms  DeleteObjects: 0.125600 ms)

AssetImportParameters requested are different than current active one (requested -> active):
  custom:video-decoder-ogg-theora: a1e56fd34408186e4bbccfd4996cb3dc -> 
  custom:container-muxer-webm: aa71ff27fc2769a1b78a27578f13a17b -> 
  custom:container-demuxer-webm: 4f35f7cbe854078d1ac9338744f61a02 -> 
  custom:video-encoder-webm-vp8: eb34c28f22e8b96e1ab97ce403110664 -> 
  custom:audio-encoder-webm-vorbis: bf7c407c2cedff20999df2af8eb42d56 -> 
  custom:framework-win-MediaFoundation: 216162199b28c13a410421893ffa2e32 -> 
  custom:container-demuxer-ogg: 62fdf1f143b41e24485cea50d1cbac27 -> 
  custom:video-decoder-webm-vp8: 9c59270c3fd7afecdb556c50c9e8de78 -> 
  custom:audio-decoder-ogg-vorbis: bf7c407c2cedff20999df2af8eb42d56 -> 
========================================================================
Received Import Request.
  Time since last request: 660.120266 seconds.
  path: Assets/UnityTechnologies/ParticlePack/Scenes/Main.unity
  artifactKey: Guid(163adec682b5ccd4c8dbb7766c20f3fb) Importer(815301076,1909f56bfc062723c751e8b465ee728b)
Start importing Assets/UnityTechnologies/ParticlePack/Scenes/Main.unity using Guid(163adec682b5ccd4c8dbb7766c20f3fb) Importer(815301076,1909f56bfc062723c751e8b465ee728b)  -> (artifact id: '3e2e756dee25e62a610d1c67b327ce66') in 0.009005 seconds 
========================================================================
Received Import Request.
  Time since last request: 62.547373 seconds.
  path: Assets/Scenes/Main/NavMesh.asset
  artifactKey: Guid(92f2f2bd084270a408bcfb3f36c08820) Importer(815301076,1909f56bfc062723c751e8b465ee728b)
Start importing Assets/Scenes/Main/NavMesh.asset using Guid(92f2f2bd084270a408bcfb3f36c08820) Importer(815301076,1909f56bfc062723c751e8b465ee728b)  -> (artifact id: 'a86158527572556e318dd930238c9122') in 0.056756 seconds 
========================================================================
Received Import Request.
  Time since last request: 2.618733 seconds.
  path: Assets/Prefabs/Enemy/Mutant.prefab
  artifactKey: Guid(66ee3955aedf0774da839dd75e9ad5a8) Importer(815301076,1909f56bfc062723c751e8b465ee728b)
Start importing Assets/Prefabs/Enemy/Mutant.prefab using Guid(66ee3955aedf0774da839dd75e9ad5a8) Importer(815301076,1909f56bfc062723c751e8b465ee728b)  -> (artifact id: 'b832e86961f59742afb99b9a3e53f3d5') in 0.479615 seconds 
========================================================================
Received Import Request.
  Time since last request: 0.238704 seconds.
  path: Assets/Prefabs/Environment/Floor.prefab
  artifactKey: Guid(92399158c3854c84a8b031af108c3fa8) Importer(815301076,1909f56bfc062723c751e8b465ee728b)
Start importing Assets/Prefabs/Environment/Floor.prefab using Guid(92399158c3854c84a8b031af108c3fa8) Importer(815301076,1909f56bfc062723c751e8b465ee728b)  -> (artifact id: '5fe3220dfd89a5d3a0c0ba726711aa38') in 0.079671 seconds 
========================================================================
Received Import Request.
  Time since last request: 0.111202 seconds.
  path: Assets/Prefabs/PickUpItems/Assault_Rifle_01.prefab
  artifactKey: Guid(7cafa32ea1f76c74c8bd92df3e2cec7e) Importer(815301076,1909f56bfc062723c751e8b465ee728b)
Start importing Assets/Prefabs/PickUpItems/Assault_Rifle_01.prefab using Guid(7cafa32ea1f76c74c8bd92df3e2cec7e) Importer(815301076,1909f56bfc062723c751e8b465ee728b)  -> (artifact id: 'c644eb865c66a8eea732f763e95f98ab') in 0.028681 seconds 
========================================================================
Received Import Request.
  Time since last request: 0.000013 seconds.
  path: Assets/Prefabs/PickUpItems/Handgun_01.prefab
  artifactKey: Guid(e2832ff8ce033f842a1f5b19457a7ad4) Importer(815301076,1909f56bfc062723c751e8b465ee728b)
Start importing Assets/Prefabs/PickUpItems/Handgun_01.prefab using Guid(e2832ff8ce033f842a1f5b19457a7ad4) Importer(815301076,1909f56bfc062723c751e8b465ee728b)  -> (artifact id: 'd468737fc63ad50a0a5b409f65bcde16') in 0.021004 seconds 
========================================================================
Received Import Request.
  Time since last request: 0.636979 seconds.
  path: Assets/Prefabs/Weapons/0.prefab
  artifactKey: Guid(0986be19af74e9447bc859ab769ac48d) Importer(815301076,1909f56bfc062723c751e8b465ee728b)
Start importing Assets/Prefabs/Weapons/0.prefab using Guid(0986be19af74e9447bc859ab769ac48d) Importer(815301076,1909f56bfc062723c751e8b465ee728b)  -> (artifact id: '947cd3cf7e8fe173829052b36c3dd692') in 0.263651 seconds 
========================================================================
Received Import Request.
  Time since last request: 0.000014 seconds.
  path: Assets/Prefabs/Weapons/3.prefab
  artifactKey: Guid(c9627fd3c87adc04685a86059e48dd25) Importer(815301076,1909f56bfc062723c751e8b465ee728b)
Start importing Assets/Prefabs/Weapons/3.prefab using Guid(c9627fd3c87adc04685a86059e48dd25) Importer(815301076,1909f56bfc062723c751e8b465ee728b)  -> (artifact id: '0f140b99ac8456bfe176941295531790') in 0.132375 seconds 
========================================================================
Received Import Request.
  Time since last request: 0.000024 seconds.
  path: Assets/Prefabs/Weapons/4.prefab
  artifactKey: Guid(398173fcdbb1c31408ebeee6bfd2c5e8) Importer(815301076,1909f56bfc062723c751e8b465ee728b)
Start importing Assets/Prefabs/Weapons/4.prefab using Guid(398173fcdbb1c31408ebeee6bfd2c5e8) Importer(815301076,1909f56bfc062723c751e8b465ee728b)  -> (artifact id: 'd99e8abd3c8614604efb3c8dd99f4a89') in 0.151831 seconds 
========================================================================
Received Import Request.
  Time since last request: 16.564272 seconds.
  path: Assets/Prefabs/VFXEffect/Muzzleflash Particles.prefab
  artifactKey: Guid(a660c1a607fa4144ca86a1027e9a6c54) Importer(815301076,1909f56bfc062723c751e8b465ee728b)
Start importing Assets/Prefabs/VFXEffect/Muzzleflash Particles.prefab using Guid(a660c1a607fa4144ca86a1027e9a6c54) Importer(815301076,1909f56bfc062723c751e8b465ee728b)  -> (artifact id: '65cc9c3dc68e57ddce4f49439ce07ed6') in 0.032198 seconds 
========================================================================
Received Import Request.
  Time since last request: 95.507811 seconds.
  path: Assets/TextMesh Pro/Resources/Fonts & Materials/LiberationSans SDF - Fallback.asset
  artifactKey: Guid(2e498d1c8094910479dc3e1b768306a4) Importer(815301076,1909f56bfc062723c751e8b465ee728b)
Start importing Assets/TextMesh Pro/Resources/Fonts & Materials/LiberationSans SDF - Fallback.asset using Guid(2e498d1c8094910479dc3e1b768306a4) Importer(815301076,1909f56bfc062723c751e8b465ee728b)  -> (artifact id: '7c5d09968aa553b86d07d8a14114c34c') in 0.037783 seconds 
========================================================================
Received Import Request.
  Time since last request: 0.000017 seconds.
  path: Assets/TextMesh Pro/Resources/Fonts & Materials/LiberationSans SDF - Outline.mat
  artifactKey: Guid(79459efec17a4d00a321bdcc27bbc385) Importer(815301076,1909f56bfc062723c751e8b465ee728b)
Start importing Assets/TextMesh Pro/Resources/Fonts & Materials/LiberationSans SDF - Outline.mat using Guid(79459efec17a4d00a321bdcc27bbc385) Importer(815301076,1909f56bfc062723c751e8b465ee728b)  -> (artifact id: 'e229ed778c5e248e4e84eb30aee4c54a') in 0.057496 seconds 
========================================================================
Received Import Request.
  Time since last request: 2.092250 seconds.
  path: Assets/TextMesh Pro/Shaders/TMPro_Mobile.cginc
  artifactKey: Guid(c334973cef89a9840b0b0c507e0377ab) Importer(815301076,1909f56bfc062723c751e8b465ee728b)
Start importing Assets/TextMesh Pro/Shaders/TMPro_Mobile.cginc using Guid(c334973cef89a9840b0b0c507e0377ab) Importer(815301076,1909f56bfc062723c751e8b465ee728b)  -> (artifact id: '89ec19a9bb5cbf8bdad0e1633e175a9e') in 0.011659 seconds 
========================================================================
Received Import Request.
  Time since last request: 0.000012 seconds.
  path: Assets/TextMesh Pro/Shaders/TMPro_Properties.cginc
  artifactKey: Guid(3997e2241185407d80309a82f9148466) Importer(815301076,1909f56bfc062723c751e8b465ee728b)
Start importing Assets/TextMesh Pro/Shaders/TMPro_Properties.cginc using Guid(3997e2241185407d80309a82f9148466) Importer(815301076,1909f56bfc062723c751e8b465ee728b)  -> (artifact id: '7506c69260bf7c1cdf33a8f62db534a1') in 0.011495 seconds 
========================================================================
Received Import Request.
  Time since last request: 73.542626 seconds.
  path: Assets/Audio/Explosion 2.wav
  artifactKey: Guid(26d84d721af0eef4b8ec713be1ad3359) Importer(815301076,1909f56bfc062723c751e8b465ee728b)
Start importing Assets/Audio/Explosion 2.wav using Guid(26d84d721af0eef4b8ec713be1ad3359) Importer(815301076,1909f56bfc062723c751e8b465ee728b)  -> (artifact id: 'c5a76ae07a93438cf2b9d28a7cea2565') in 0.077847 seconds 
========================================================================
Received Import Request.
  Time since last request: 0.000015 seconds.
  path: Assets/Audio/Explosion 8.wav
  artifactKey: Guid(07e5d3cbe2b34ea41b9b4f8a117f5a95) Importer(815301076,1909f56bfc062723c751e8b465ee728b)
Start importing Assets/Audio/Explosion 8.wav using Guid(07e5d3cbe2b34ea41b9b4f8a117f5a95) Importer(815301076,1909f56bfc062723c751e8b465ee728b)  -> (artifact id: 'b49d1aefd555b712f1f02a1bb9a35900') in 0.013145 seconds 
========================================================================
Received Import Request.
  Time since last request: 0.000014 seconds.
  path: Assets/Audio/出剑.wav
  artifactKey: Guid(8e428c592222bc54181dc423d750fa95) Importer(815301076,1909f56bfc062723c751e8b465ee728b)
Start importing Assets/Audio/出剑.wav using Guid(8e428c592222bc54181dc423d750fa95) Importer(815301076,1909f56bfc062723c751e8b465ee728b)  -> (artifact id: '84011e86a9dda56f53e03da81da61d60') in 0.008966 seconds 
========================================================================
Received Import Request.
  Time since last request: 1.562206 seconds.
  path: Assets/Enemy/mutant/Mutant@Mutant Dying.fbx
  artifactKey: Guid(81e8ef3930ae1b743b3525aaee7c09da) Importer(815301076,1909f56bfc062723c751e8b465ee728b)
Start importing Assets/Enemy/mutant/Mutant@Mutant Dying.fbx using Guid(81e8ef3930ae1b743b3525aaee7c09da) Importer(815301076,1909f56bfc062723c751e8b465ee728b)  -> (artifact id: 'efbb1cc3514e6cc4350b0607b6f3f95b') in 0.050116 seconds 
========================================================================
Received Import Request.
  Time since last request: 0.000016 seconds.
  path: Assets/Enemy/mutant/Mutant@Mutant Walking.fbx
  artifactKey: Guid(ed85d5a7b8602ea42b42ac35b22d9f26) Importer(815301076,1909f56bfc062723c751e8b465ee728b)
Start importing Assets/Enemy/mutant/Mutant@Mutant Walking.fbx using Guid(ed85d5a7b8602ea42b42ac35b22d9f26) Importer(815301076,1909f56bfc062723c751e8b465ee728b)  -> (artifact id: '28e7158ef22ac6febb7681cd201581db') in 0.030326 seconds 
========================================================================
Received Import Request.
  Time since last request: 0.000016 seconds.
  path: Assets/Enemy/mutant/Mutant@Mutant Idle.fbx
  artifactKey: Guid(71e5d6fb8d848b047bbc1cb4d18be5d7) Importer(815301076,1909f56bfc062723c751e8b465ee728b)
Start importing Assets/Enemy/mutant/Mutant@Mutant Idle.fbx using Guid(71e5d6fb8d848b047bbc1cb4d18be5d7) Importer(815301076,1909f56bfc062723c751e8b465ee728b)  -> (artifact id: 'b603523676dd3cbdddd895362f4c3637') in 0.029213 seconds 
========================================================================
Received Import Request.
  Time since last request: 0.980285 seconds.
  path: Assets/Enemy/mutant/Texture/Mutant_normal.png
  artifactKey: Guid(f258d1a051982f94c860a7ddc11d6132) Importer(815301076,1909f56bfc062723c751e8b465ee728b)
Start importing Assets/Enemy/mutant/Texture/Mutant_normal.png using Guid(f258d1a051982f94c860a7ddc11d6132) Importer(815301076,1909f56bfc062723c751e8b465ee728b)  -> (artifact id: '3c86efd2402be622cb663bf7555e1b4a') in 0.020229 seconds 
========================================================================
Received Import Request.
  Time since last request: 59.072229 seconds.
  path: Assets/Low Poly FPS Pack/Third_Person_Character/Prefabs/Character_Props/Goggles.prefab
  artifactKey: Guid(e56540c9b69099b4bad61a6ab676a616) Importer(815301076,1909f56bfc062723c751e8b465ee728b)
Start importing Assets/Low Poly FPS Pack/Third_Person_Character/Prefabs/Character_Props/Goggles.prefab using Guid(e56540c9b69099b4bad61a6ab676a616) Importer(815301076,1909f56bfc062723c751e8b465ee728b)  -> (artifact id: '4414f98409d675254d11d1f585ff571c') in 0.018587 seconds 
========================================================================
Received Import Request.
  Time since last request: 0.000016 seconds.
  path: Assets/Low Poly FPS Pack/Third_Person_Character/Prefabs/Character_Props/Helmet.prefab
  artifactKey: Guid(21e43e47bbfaba94a873fb73acb1ff3a) Importer(815301076,1909f56bfc062723c751e8b465ee728b)
Start importing Assets/Low Poly FPS Pack/Third_Person_Character/Prefabs/Character_Props/Helmet.prefab using Guid(21e43e47bbfaba94a873fb73acb1ff3a) Importer(815301076,1909f56bfc062723c751e8b465ee728b)  -> (artifact id: 'a470fca815155212ffc54003f6525758') in 0.014852 seconds 
========================================================================
Received Prepare
Registering precompiled user dll's ...
Registered in 0.002410 seconds.
Begin MonoManager ReloadAssembly
Native extension for WindowsStandalone target not found
Native extension for WebGL target not found
Refreshing native plugins compatible for Editor in 0.32 ms, found 2 plugins.
Preloading 0 native plugins for Editor in 0.00 ms.
Mono: successfully reloaded assembly
- Completed reload, in  0.631 seconds
Domain Reload Profiling:
	ReloadAssembly (632ms)
		BeginReloadAssembly (117ms)
			ExecutionOrderSort (0ms)
			DisableScriptedObjects (3ms)
			BackupInstance (0ms)
			ReleaseScriptingObjects (0ms)
			CreateAndSetChildDomain (22ms)
		EndReloadAssembly (445ms)
			LoadAssemblies (76ms)
			RebuildTransferFunctionScriptingTraits (0ms)
			SetupTypeCache (110ms)
			ReleaseScriptCaches (1ms)
			RebuildScriptCaches (23ms)
			SetupLoadedEditorAssemblies (222ms)
				LogAssemblyErrors (0ms)
				InitializePlatformSupportModulesInManaged (7ms)
				SetLoadedEditorAssemblies (0ms)
				RefreshPlugins (0ms)
				BeforeProcessingInitializeOnLoad (43ms)
				ProcessInitializeOnLoadAttributes (149ms)
				ProcessInitializeOnLoadMethodAttributes (13ms)
				AfterProcessingInitializeOnLoad (9ms)
				EditorAssembliesLoaded (0ms)
			ExecutionOrderSort2 (0ms)
			AwakeInstancesAfterBackupRestoration (7ms)
Platform modules already initialized, skipping
Refreshing native plugins compatible for Editor in 1.13 ms, found 2 plugins.
Preloading 0 native plugins for Editor in 0.00 ms.
Unloading 1550 Unused Serialized files (Serialized files now loaded: 0)
Unloading 28 unused Assets / (1.2 MB). Loaded Objects now: 2128.
Memory consumption went from 169.2 MB to 167.9 MB.
Total: 2.155800 ms (FindLiveObjects: 0.094100 ms CreateObjectMapping: 0.028400 ms MarkObjects: 1.875400 ms  DeleteObjects: 0.157300 ms)

AssetImportParameters requested are different than current active one (requested -> active):
  custom:video-decoder-ogg-theora: a1e56fd34408186e4bbccfd4996cb3dc -> 
  custom:container-muxer-webm: aa71ff27fc2769a1b78a27578f13a17b -> 
  custom:container-demuxer-webm: 4f35f7cbe854078d1ac9338744f61a02 -> 
  custom:video-encoder-webm-vp8: eb34c28f22e8b96e1ab97ce403110664 -> 
  custom:audio-encoder-webm-vorbis: bf7c407c2cedff20999df2af8eb42d56 -> 
  custom:framework-win-MediaFoundation: 216162199b28c13a410421893ffa2e32 -> 
  custom:container-demuxer-ogg: 62fdf1f143b41e24485cea50d1cbac27 -> 
  custom:video-decoder-webm-vp8: 9c59270c3fd7afecdb556c50c9e8de78 -> 
  custom:audio-decoder-ogg-vorbis: bf7c407c2cedff20999df2af8eb42d56 -> 
========================================================================
Received Import Request.
  Time since last request: 32.923330 seconds.
  path: Assets/Low Poly FPS Pack/Prefabs/Example_Prefabs/Bullet_Impacts/Concrete Impact Prefab.prefab
  artifactKey: Guid(5e02303289b3c494e8e185be0fbbd405) Importer(815301076,1909f56bfc062723c751e8b465ee728b)
Start importing Assets/Low Poly FPS Pack/Prefabs/Example_Prefabs/Bullet_Impacts/Concrete Impact Prefab.prefab using Guid(5e02303289b3c494e8e185be0fbbd405) Importer(815301076,1909f56bfc062723c751e8b465ee728b)  -> (artifact id: '127dc02db2b5e1b5e69df5e281efbe6d') in 0.076744 seconds 
========================================================================
Received Import Request.
  Time since last request: 0.375883 seconds.
  path: Assets/Low Poly FPS Pack/Prefabs/Example_Prefabs/Explosions/Explosion Prefab.prefab
  artifactKey: Guid(301583a5af63a494298d60cd9f296909) Importer(815301076,1909f56bfc062723c751e8b465ee728b)
Start importing Assets/Low Poly FPS Pack/Prefabs/Example_Prefabs/Explosions/Explosion Prefab.prefab using Guid(301583a5af63a494298d60cd9f296909) Importer(815301076,1909f56bfc062723c751e8b465ee728b)  -> (artifact id: '1861bbc0b910fd998c547a87802ac708') in 0.056914 seconds 
========================================================================
Received Import Request.
  Time since last request: 0.000019 seconds.
  path: Assets/Low Poly FPS Pack/Prefabs/Example_Prefabs/Explosions/Gas Tank Explosion Prefab.prefab
  artifactKey: Guid(a50b888ceca3dca4eab49f79ed67390a) Importer(815301076,1909f56bfc062723c751e8b465ee728b)
Start importing Assets/Low Poly FPS Pack/Prefabs/Example_Prefabs/Explosions/Gas Tank Explosion Prefab.prefab using Guid(a50b888ceca3dca4eab49f79ed67390a) Importer(815301076,1909f56bfc062723c751e8b465ee728b)  -> (artifact id: '2a852026e4e666919c4127f24328c2f7') in 0.016762 seconds 
========================================================================
Received Import Request.
  Time since last request: 74.786134 seconds.
  path: Assets/Low Poly FPS Pack/Components/Meshes/Arms/Assault_Rifle_02/arms_assault_rifle_02.fbx
  artifactKey: Guid(a95d583089688544a862556eafd1ba53) Importer(815301076,1909f56bfc062723c751e8b465ee728b)
Start importing Assets/Low Poly FPS Pack/Components/Meshes/Arms/Assault_Rifle_02/arms_assault_rifle_02.fbx using Guid(a95d583089688544a862556eafd1ba53) Importer(815301076,1909f56bfc062723c751e8b465ee728b)  -> (artifact id: '008fcd3e2e617a89bba43e07c678c6db') in 0.087565 seconds 
========================================================================
Received Import Request.
  Time since last request: 0.000016 seconds.
  path: Assets/Low Poly FPS Pack/Components/Meshes/Arms/Handgun_03/arms_handgun_03.fbx
  artifactKey: Guid(181b9131338982b48bcf5ccf538d6a75) Importer(815301076,1909f56bfc062723c751e8b465ee728b)
Start importing Assets/Low Poly FPS Pack/Components/Meshes/Arms/Handgun_03/arms_handgun_03.fbx using Guid(181b9131338982b48bcf5ccf538d6a75) Importer(815301076,1909f56bfc062723c751e8b465ee728b)  -> (artifact id: '26798b0216e8328ae6ce5c985e334fbe') in 0.060038 seconds 
========================================================================
Received Import Request.
  Time since last request: 0.000024 seconds.
  path: Assets/Low Poly FPS Pack/Components/Meshes/Arms/Handgun_04/arms_handgun_04.fbx
  artifactKey: Guid(3c66ccb66c13d0b4b9d2d08cb719e3c0) Importer(815301076,1909f56bfc062723c751e8b465ee728b)
Start importing Assets/Low Poly FPS Pack/Components/Meshes/Arms/Handgun_04/arms_handgun_04.fbx using Guid(3c66ccb66c13d0b4b9d2d08cb719e3c0) Importer(815301076,1909f56bfc062723c751e8b465ee728b)  -> (artifact id: 'adca71add8423dd64ad6d3071d1be7bd') in 0.059070 seconds 
========================================================================
Received Import Request.
  Time since last request: 0.000014 seconds.
  path: Assets/Low Poly FPS Pack/Components/Meshes/Arms/SMG_05/arms_smg_05.fbx
  artifactKey: Guid(18bd21b59e7670a4cab7bd70b7565cf0) Importer(815301076,1909f56bfc062723c751e8b465ee728b)
Start importing Assets/Low Poly FPS Pack/Components/Meshes/Arms/SMG_05/arms_smg_05.fbx using Guid(18bd21b59e7670a4cab7bd70b7565cf0) Importer(815301076,1909f56bfc062723c751e8b465ee728b)  -> (artifact id: '95ea3c7f3be16645ae675fea7d37c928') in 0.069747 seconds 
========================================================================
Received Import Request.
  Time since last request: 0.000017 seconds.
  path: Assets/Low Poly FPS Pack/Third_Person_Character/Components/Plane_Demo_Scene_Components/Textures/LPFP_3.2_Demo_Scene_Lights_Texture.png
  artifactKey: Guid(90803727c28c5364fb562c932e61fda3) Importer(815301076,1909f56bfc062723c751e8b465ee728b)
Start importing Assets/Low Poly FPS Pack/Third_Person_Character/Components/Plane_Demo_Scene_Components/Textures/LPFP_3.2_Demo_Scene_Lights_Texture.png using Guid(90803727c28c5364fb562c932e61fda3) Importer(815301076,1909f56bfc062723c751e8b465ee728b)  -> (artifact id: '00bbaadedc1a83b5f607dc738dfdcb36') in 0.012284 seconds 
========================================================================
Received Import Request.
  Time since last request: 0.000016 seconds.
  path: Assets/Low Poly FPS Pack/Third_Person_Character/Components/Plane_Demo_Scene_Components/Meshes/Characters/Player_Character/tpc_plane_demo_scene_player_character.fbx
  artifactKey: Guid(96e6da8126ae2204eb2a94d2080d69a8) Importer(815301076,1909f56bfc062723c751e8b465ee728b)
Start importing Assets/Low Poly FPS Pack/Third_Person_Character/Components/Plane_Demo_Scene_Components/Meshes/Characters/Player_Character/tpc_plane_demo_scene_player_character.fbx using Guid(96e6da8126ae2204eb2a94d2080d69a8) Importer(815301076,1909f56bfc062723c751e8b465ee728b)  -> (artifact id: 'e4044e9f064d1de6a27c3cb737b06b05') in 0.054916 seconds 
========================================================================
Received Import Request.
  Time since last request: 0.000013 seconds.
  path: Assets/Low Poly FPS Pack/Components/Demo_Scene_Components/Materials/Demo Scene 4 Material.mat
  artifactKey: Guid(62fbf9e87a02e1344b72644db16dfee3) Importer(815301076,1909f56bfc062723c751e8b465ee728b)
Start importing Assets/Low Poly FPS Pack/Components/Demo_Scene_Components/Materials/Demo Scene 4 Material.mat using Guid(62fbf9e87a02e1344b72644db16dfee3) Importer(815301076,1909f56bfc062723c751e8b465ee728b)  -> (artifact id: '67cdeaa51098440b1a437978762676de') in 0.028461 seconds 
========================================================================
Received Import Request.
  Time since last request: 0.000016 seconds.
  path: Assets/Low Poly FPS Pack/Components/Demo_Scene_Components/Meshes/Demo_Scene_2_Meshes/demo_scene_4_terrain.fbx
  artifactKey: Guid(311d00f267f21274bbb880e9363817aa) Importer(815301076,1909f56bfc062723c751e8b465ee728b)
Start importing Assets/Low Poly FPS Pack/Components/Demo_Scene_Components/Meshes/Demo_Scene_2_Meshes/demo_scene_4_terrain.fbx using Guid(311d00f267f21274bbb880e9363817aa) Importer(815301076,1909f56bfc062723c751e8b465ee728b)  -> (artifact id: 'cfa0f94e22ce0b7488196a0a84182f03') in 0.020819 seconds 
========================================================================
Received Import Request.
  Time since last request: 0.000022 seconds.
  path: Assets/Low Poly FPS Pack/Components/Demo_Scene_Components/Textures_&_Sprites/Demo Scene 4 Texture.png
  artifactKey: Guid(671c5d59895ce04499c4cc4d32dde368) Importer(815301076,1909f56bfc062723c751e8b465ee728b)
Start importing Assets/Low Poly FPS Pack/Components/Demo_Scene_Components/Textures_&_Sprites/Demo Scene 4 Texture.png using Guid(671c5d59895ce04499c4cc4d32dde368) Importer(815301076,1909f56bfc062723c751e8b465ee728b)  -> (artifact id: '71eae39624ec365908c6de362b116e04') in 0.008113 seconds 
========================================================================
Received Import Request.
  Time since last request: 0.000055 seconds.
  path: Assets/Low Poly FPS Pack/Components/Demo_Scene_Components/Meshes/demo_scene_terrain_distance.fbx
  artifactKey: Guid(b1db32e400bad724394d92f023343900) Importer(815301076,1909f56bfc062723c751e8b465ee728b)
Start importing Assets/Low Poly FPS Pack/Components/Demo_Scene_Components/Meshes/demo_scene_terrain_distance.fbx using Guid(b1db32e400bad724394d92f023343900) Importer(815301076,1909f56bfc062723c751e8b465ee728b)  -> (artifact id: 'a49d0dbfd45390624c3b14dd512e67af') in 0.015697 seconds 
========================================================================
Received Import Request.
  Time since last request: 0.000015 seconds.
  path: Assets/Low Poly FPS Pack/Third_Person_Character/Components/Plane_Demo_Scene_Components/Meshes/Characters/Character_03/tpc_plane_demo_scene_character_03.fbx
  artifactKey: Guid(849522a9e446d5641968a26bac50a56f) Importer(815301076,1909f56bfc062723c751e8b465ee728b)
Start importing Assets/Low Poly FPS Pack/Third_Person_Character/Components/Plane_Demo_Scene_Components/Meshes/Characters/Character_03/tpc_plane_demo_scene_character_03.fbx using Guid(849522a9e446d5641968a26bac50a56f) Importer(815301076,1909f56bfc062723c751e8b465ee728b)  -> (artifact id: '3cb8710dffe4cf43d577d3af6c314c7c') in 0.061878 seconds 
========================================================================
Received Import Request.
  Time since last request: 0.000012 seconds.
  path: Assets/Low Poly FPS Pack/Components/Audio/Misc/demo-scene-1-ambient-loop.wav
  artifactKey: Guid(e38bb26951131a04fb23339b527fbee0) Importer(815301076,1909f56bfc062723c751e8b465ee728b)
Start importing Assets/Low Poly FPS Pack/Components/Audio/Misc/demo-scene-1-ambient-loop.wav using Guid(e38bb26951131a04fb23339b527fbee0) Importer(815301076,1909f56bfc062723c751e8b465ee728b)  -> (artifact id: 'c4cf8de87c8511260e52d39bfbb99124') in 0.014840 seconds 
========================================================================
Received Import Request.
  Time since last request: 0.000017 seconds.
  path: Assets/Low Poly FPS Pack/Components/Meshes/Arms/Handgun_01/arms_handgun_01.fbx
  artifactKey: Guid(56ec0b9a5b8762642811ea26a5242e04) Importer(815301076,1909f56bfc062723c751e8b465ee728b)
Start importing Assets/Low Poly FPS Pack/Components/Meshes/Arms/Handgun_01/arms_handgun_01.fbx using Guid(56ec0b9a5b8762642811ea26a5242e04) Importer(815301076,1909f56bfc062723c751e8b465ee728b)  -> (artifact id: '83a6633a33e7fd2c1dc8b86777a28641') in 0.053049 seconds 
========================================================================
Received Import Request.
  Time since last request: 0.000015 seconds.
  path: Assets/Low Poly FPS Pack/Third_Person_Character/Components/Plane_Demo_Scene_Components/Materials/DemoScenePlaneMaterial.mat
  artifactKey: Guid(e669c90e668e0a84899e108fdc65625f) Importer(815301076,1909f56bfc062723c751e8b465ee728b)
Start importing Assets/Low Poly FPS Pack/Third_Person_Character/Components/Plane_Demo_Scene_Components/Materials/DemoScenePlaneMaterial.mat using Guid(e669c90e668e0a84899e108fdc65625f) Importer(815301076,1909f56bfc062723c751e8b465ee728b)  -> (artifact id: 'c7978919709f3665ac4bb3b9aa4beb87') in 0.011363 seconds 
========================================================================
Received Import Request.
  Time since last request: 0.000014 seconds.
  path: Assets/Low Poly FPS Pack/Components/Demo_Scene_Components/Materials/Demo Scene Material.mat
  artifactKey: Guid(b75ca23ffd578dd4bb4369e9426110b6) Importer(815301076,1909f56bfc062723c751e8b465ee728b)
Start importing Assets/Low Poly FPS Pack/Components/Demo_Scene_Components/Materials/Demo Scene Material.mat using Guid(b75ca23ffd578dd4bb4369e9426110b6) Importer(815301076,1909f56bfc062723c751e8b465ee728b)  -> (artifact id: '4211569e35b091deeb9a78c39d1a95b3') in 0.011475 seconds 
========================================================================
Received Import Request.
  Time since last request: 0.000016 seconds.
  path: Assets/Low Poly FPS Pack/Third_Person_Character/Components/Plane_Demo_Scene_Components/Textures/LPFP_3.2_Demo_Scene_Texture.png
  artifactKey: Guid(564da58f4a0a16f4889e64ad4ccd7278) Importer(815301076,1909f56bfc062723c751e8b465ee728b)
Start importing Assets/Low Poly FPS Pack/Third_Person_Character/Components/Plane_Demo_Scene_Components/Textures/LPFP_3.2_Demo_Scene_Texture.png using Guid(564da58f4a0a16f4889e64ad4ccd7278) Importer(815301076,1909f56bfc062723c751e8b465ee728b)  -> (artifact id: '02a40b0de81d9d15d14877f1132200b7') in 0.011356 seconds 
========================================================================
Received Import Request.
  Time since last request: 0.000015 seconds.
  path: Assets/Low Poly FPS Pack/Components/Meshes/Arms/SMG_01/arms_smg_01.fbx
  artifactKey: Guid(ee465ab9a24fe4949b0322fd28a3c579) Importer(815301076,1909f56bfc062723c751e8b465ee728b)
Start importing Assets/Low Poly FPS Pack/Components/Meshes/Arms/SMG_01/arms_smg_01.fbx using Guid(ee465ab9a24fe4949b0322fd28a3c579) Importer(815301076,1909f56bfc062723c751e8b465ee728b)  -> (artifact id: 'e6ca082f9cf8d7abd6f3e916c04180e2') in 0.063329 seconds 
========================================================================
Received Import Request.
  Time since last request: 0.000019 seconds.
  path: Assets/Low Poly FPS Pack/Components/Audio/Misc/demo-scene-4-ambient-loop.wav
  artifactKey: Guid(45fae2f474ff8e54e83462770ca4b89f) Importer(815301076,1909f56bfc062723c751e8b465ee728b)
Start importing Assets/Low Poly FPS Pack/Components/Audio/Misc/demo-scene-4-ambient-loop.wav using Guid(45fae2f474ff8e54e83462770ca4b89f) Importer(815301076,1909f56bfc062723c751e8b465ee728b)  -> (artifact id: '2ae4bf45eacfd82dc987674cdd313dde') in 0.013828 seconds 
========================================================================
Received Import Request.
  Time since last request: 0.000026 seconds.
  path: Assets/Low Poly FPS Pack/Components/Demo_Scene_Components/Textures_&_Sprites/Demo Scene Texture.png
  artifactKey: Guid(51db2eaa32eff334a9a463b185f054bc) Importer(815301076,1909f56bfc062723c751e8b465ee728b)
Start importing Assets/Low Poly FPS Pack/Components/Demo_Scene_Components/Textures_&_Sprites/Demo Scene Texture.png using Guid(51db2eaa32eff334a9a463b185f054bc) Importer(815301076,1909f56bfc062723c751e8b465ee728b)  -> (artifact id: 'b0df5151cfab828e03d49a5bd30f44fd') in 0.010256 seconds 
========================================================================
Received Import Request.
  Time since last request: 0.000014 seconds.
  path: Assets/Low Poly FPS Pack/Components/Meshes/Arms/Assault_Rifle_03/arms_assault_rifle_03.fbx
  artifactKey: Guid(c3c8f58a520431048a9de2e4a8023757) Importer(815301076,1909f56bfc062723c751e8b465ee728b)
Start importing Assets/Low Poly FPS Pack/Components/Meshes/Arms/Assault_Rifle_03/arms_assault_rifle_03.fbx using Guid(c3c8f58a520431048a9de2e4a8023757) Importer(815301076,1909f56bfc062723c751e8b465ee728b)  -> (artifact id: '4bcc9ec1d1d06b99acf24957def9ccd6') in 0.063337 seconds 
========================================================================
Received Import Request.
  Time since last request: 9.432543 seconds.
  path: Assets/Low Poly FPS Pack/Components/Meshes/Arms/Sniper_02/arms_sniper_02.fbx
  artifactKey: Guid(776f88d95c576834c81e01185e23a857) Importer(815301076,1909f56bfc062723c751e8b465ee728b)
Start importing Assets/Low Poly FPS Pack/Components/Meshes/Arms/Sniper_02/arms_sniper_02.fbx using Guid(776f88d95c576834c81e01185e23a857) Importer(815301076,1909f56bfc062723c751e8b465ee728b)  -> (artifact id: 'cb330881b93d4ee68df8e9d8900d9829') in 0.063823 seconds 
Editor requested this worker to shutdown with reason: Scaling down because of idle timeout
AssetImportWorker is now disconnected from the server
Process exiting
Exiting without the bug reporter. Application will terminate with return code 0